
[93077] signal 11 (1): Segmentation fault
in expression starting at /home/quw51vuk/Rydberg_facilitation/main.jl:128
dataids at ./abstractarray.jl:1561 [inlined]
dataids at ./abstractarray.jl:1562 [inlined]
mightalias at ./abstractarray.jl:1537 [inlined]
unalias at ./abstractarray.jl:1500 [inlined]
broadcast_unalias at ./broadcast.jl:941 [inlined]
preprocess at ./broadcast.jl:948 [inlined]
preprocess_args at ./broadcast.jl:951 [inlined]
preprocess at ./broadcast.jl:947 [inlined]
preprocess_args at ./broadcast.jl:950 [inlined]
preprocess_args at ./broadcast.jl:950 [inlined]
preprocess at ./broadcast.jl:947 [inlined]
preprocess_args at ./broadcast.jl:951 [inlined]
preprocess_args at ./broadcast.jl:950 [inlined]
preprocess at ./broadcast.jl:947 [inlined]
copyto! at ./broadcast.jl:964 [inlined]
copyto! at ./broadcast.jl:920 [inlined]
copy at ./broadcast.jl:892 [inlined]
materialize at ./broadcast.jl:867
unknown function (ip: 0x148277d90df2)
diffusion! at /home/quw51vuk/Rydberg_facilitation/main.jl:63
perform_step! at /home/quw51vuk/.julia/packages/StochasticDiffEq/OmgKe/src/perform_step/sri.jl:197
solve! at /home/quw51vuk/.julia/packages/StochasticDiffEq/OmgKe/src/solve.jl:694
#__solve#107 at /home/quw51vuk/.julia/packages/StochasticDiffEq/OmgKe/src/solve.jl:7
__solve at /home/quw51vuk/.julia/packages/StochasticDiffEq/OmgKe/src/solve.jl:1 [inlined]
__solve at /home/quw51vuk/.julia/packages/StochasticDiffEq/OmgKe/src/solve.jl:1 [inlined]
__solve at /home/quw51vuk/.julia/packages/StochasticDiffEq/OmgKe/src/solve.jl:1 [inlined]
__solve at /home/quw51vuk/.julia/packages/StochasticDiffEq/OmgKe/src/solve.jl:1 [inlined]
__solve at /home/quw51vuk/.julia/packages/StochasticDiffEq/OmgKe/src/solve.jl:1 [inlined]
#solve_call#35 at /home/quw51vuk/.julia/packages/DiffEqBase/DG18l/src/solve.jl:635
solve_call at /home/quw51vuk/.julia/packages/DiffEqBase/DG18l/src/solve.jl:592
unknown function (ip: 0x148277d8fd6a)
#solve_up#44 at /home/quw51vuk/.julia/packages/DiffEqBase/DG18l/src/solve.jl:1142
solve_up at /home/quw51vuk/.julia/packages/DiffEqBase/DG18l/src/solve.jl:1120 [inlined]
#solve#42 at /home/quw51vuk/.julia/packages/DiffEqBase/DG18l/src/solve.jl:1057
solve at /home/quw51vuk/.julia/packages/DiffEqBase/DG18l/src/solve.jl:1047 [inlined]
#batch_func#681 at /home/quw51vuk/.julia/packages/SciMLBase/elLNZ/src/ensemble/basic_ensemble_solve.jl:193 [inlined]
batch_func at /home/quw51vuk/.julia/packages/SciMLBase/elLNZ/src/ensemble/basic_ensemble_solve.jl:180 [inlined]
#694 at /home/quw51vuk/.julia/packages/SciMLBase/elLNZ/src/ensemble/basic_ensemble_solve.jl:271 [inlined]
macro expansion at /home/quw51vuk/.julia/packages/SciMLBase/elLNZ/src/ensemble/basic_ensemble_solve.jl:281 [inlined]
#1370#threadsfor_fun#697 at ./threadingconstructs.jl:253
#1370#threadsfor_fun at ./threadingconstructs.jl:220 [inlined]
#1 at ./threadingconstructs.jl:154
unknown function (ip: 0x148277d6589f)
jl_apply at /cache/build/tester-amdci5-12/julialang/julia-release-1-dot-11/src/julia.h:2157 [inlined]
start_task at /cache/build/tester-amdci5-12/julialang/julia-release-1-dot-11/src/task.c:1202
Allocations: 258341102541 (Pool: 258341101415; Big: 1126); GC: 135433
/var/spool/slurmd/job15629767/slurm_script: line 16: 93077 Segmentation fault      (core dumped) ~/julia-1.11.2/bin/julia -t 16 main.jl ${id}
