GC error (probable corruption)
Allocations: 165522124977 (Pool: 165522123932; Big: 1045); GC: 65905

!!! ERROR in jl_ -- ABORTING !!!

[1039335] signal 6 (-6): Aborted
in expression starting at /home/quw51vuk/Rydberg_facilitation/main.jl:124
gsignal at /lib64/libc.so.6 (unknown line)
abort at /lib64/libc.so.6 (unknown line)
gc_dump_queue_and_abort at /cache/build/tester-amdci5-12/julialang/julia-release-1-dot-11/src/gc.c:2079
gc_mark_outrefs at /cache/build/tester-amdci5-12/julialang/julia-release-1-dot-11/src/gc.c:2783 [inlined]
gc_mark_and_steal at /cache/build/tester-amdci5-12/julialang/julia-release-1-dot-11/src/gc.c:2993
gc_mark_loop_parallel at /cache/build/tester-amdci5-12/julialang/julia-release-1-dot-11/src/gc.c:3133
gc_mark_loop at /cache/build/tester-amdci5-12/julialang/julia-release-1-dot-11/src/gc.c:3152 [inlined]
_jl_gc_collect at /cache/build/tester-amdci5-12/julialang/julia-release-1-dot-11/src/gc.c:3538
ijl_gc_collect at /cache/build/tester-amdci5-12/julialang/julia-release-1-dot-11/src/gc.c:3899
maybe_collect at /cache/build/tester-amdci5-12/julialang/julia-release-1-dot-11/src/gc.c:922 [inlined]
jl_gc_pool_alloc_inner at /cache/build/tester-amdci5-12/julialang/julia-release-1-dot-11/src/gc.c:1325
ijl_gc_pool_alloc_instrumented at /cache/build/tester-amdci5-12/julialang/julia-release-1-dot-11/src/gc.c:1383
Array at ./boot.jl:579 [inlined]
Array at ./boot.jl:601 [inlined]
collect at ./array.jl:788 [inlined]
get_neighbors_vectorized at /home/quw51vuk/Rydberg_facilitation/main.jl:32
unknown function (ip: 0x14a4274e9df5)
drift! at /home/quw51vuk/Rydberg_facilitation/main.jl:53
SDEFunction at /home/quw51vuk/.julia/packages/SciMLBase/elLNZ/src/scimlfunctions.jl:2510 [inlined]
perform_step! at /home/quw51vuk/.julia/packages/StochasticDiffEq/OmgKe/src/perform_step/sri.jl:198
solve! at /home/quw51vuk/.julia/packages/StochasticDiffEq/OmgKe/src/solve.jl:694
#__solve#107 at /home/quw51vuk/.julia/packages/StochasticDiffEq/OmgKe/src/solve.jl:7
__solve at /home/quw51vuk/.julia/packages/StochasticDiffEq/OmgKe/src/solve.jl:1 [inlined]
__solve at /home/quw51vuk/.julia/packages/StochasticDiffEq/OmgKe/src/solve.jl:1 [inlined]
__solve at /home/quw51vuk/.julia/packages/StochasticDiffEq/OmgKe/src/solve.jl:1 [inlined]
__solve at /home/quw51vuk/.julia/packages/StochasticDiffEq/OmgKe/src/solve.jl:1 [inlined]
__solve at /home/quw51vuk/.julia/packages/StochasticDiffEq/OmgKe/src/solve.jl:1 [inlined]
#solve_call#35 at /home/quw51vuk/.julia/packages/DiffEqBase/DG18l/src/solve.jl:635
solve_call at /home/quw51vuk/.julia/packages/DiffEqBase/DG18l/src/solve.jl:592
unknown function (ip: 0x14a4274e85b5)
#solve_up#44 at /home/quw51vuk/.julia/packages/DiffEqBase/DG18l/src/solve.jl:1142
solve_up at /home/quw51vuk/.julia/packages/DiffEqBase/DG18l/src/solve.jl:1120 [inlined]
#solve#42 at /home/quw51vuk/.julia/packages/DiffEqBase/DG18l/src/solve.jl:1057
solve at /home/quw51vuk/.julia/packages/DiffEqBase/DG18l/src/solve.jl:1047
unknown function (ip: 0x14a4274c61b6)
#batch_func#681 at /home/quw51vuk/.julia/packages/SciMLBase/elLNZ/src/ensemble/basic_ensemble_solve.jl:193
batch_func at /home/quw51vuk/.julia/packages/SciMLBase/elLNZ/src/ensemble/basic_ensemble_solve.jl:180 [inlined]
#694 at /home/quw51vuk/.julia/packages/SciMLBase/elLNZ/src/ensemble/basic_ensemble_solve.jl:271 [inlined]
macro expansion at /home/quw51vuk/.julia/packages/SciMLBase/elLNZ/src/ensemble/basic_ensemble_solve.jl:281 [inlined]
#1370#threadsfor_fun#697 at ./threadingconstructs.jl:253
#1370#threadsfor_fun at ./threadingconstructs.jl:220 [inlined]
#1 at ./threadingconstructs.jl:154
unknown function (ip: 0x14a4274c111f)
jl_apply at /cache/build/tester-amdci5-12/julialang/julia-release-1-dot-11/src/julia.h:2157 [inlined]
start_task at /cache/build/tester-amdci5-12/julialang/julia-release-1-dot-11/src/task.c:1202
Allocations: 165522124977 (Pool: 165522123932; Big: 1045); GC: 65905
/var/spool/slurmd/job15617073/slurm_script: line 16: 1039335 Aborted                 (core dumped) ~/julia-1.11.2/bin/julia -t 16 main.jl ${id}
