GC error (probable corruption)
Allocations: 2553166105978 (Pool: 2553166104776; Big: 1202); GC: 885552

!!! ERROR in jl_ -- ABORTING !!!

[774565] signal 6 (-6): Aborted
in expression starting at /home/quw51vuk/Rydberg_facilitation/main.jl:128
gsignal at /lib64/libc.so.6 (unknown line)
abort at /lib64/libc.so.6 (unknown line)
gc_dump_queue_and_abort at /cache/build/tester-amdci5-12/julialang/julia-release-1-dot-11/src/gc.c:2079
gc_mark_outrefs at /cache/build/tester-amdci5-12/julialang/julia-release-1-dot-11/src/gc.c:2783 [inlined]
gc_mark_and_steal at /cache/build/tester-amdci5-12/julialang/julia-release-1-dot-11/src/gc.c:2993
gc_mark_loop_parallel at /cache/build/tester-amdci5-12/julialang/julia-release-1-dot-11/src/gc.c:3133
gc_mark_loop at /cache/build/tester-amdci5-12/julialang/julia-release-1-dot-11/src/gc.c:3152 [inlined]
_jl_gc_collect at /cache/build/tester-amdci5-12/julialang/julia-release-1-dot-11/src/gc.c:3538
ijl_gc_collect at /cache/build/tester-amdci5-12/julialang/julia-release-1-dot-11/src/gc.c:3899
maybe_collect at /cache/build/tester-amdci5-12/julialang/julia-release-1-dot-11/src/gc.c:922 [inlined]
jl_gc_pool_alloc_inner at /cache/build/tester-amdci5-12/julialang/julia-release-1-dot-11/src/gc.c:1325
jl_gc_alloc_ at /cache/build/tester-amdci5-12/julialang/julia-release-1-dot-11/src/julia_internal.h:523 [inlined]
_new_genericmemory_ at /cache/build/tester-amdci5-12/julialang/julia-release-1-dot-11/src/genericmemory.c:56 [inlined]
jl_alloc_genericmemory at /cache/build/tester-amdci5-12/julialang/julia-release-1-dot-11/src/genericmemory.c:99
GenericMemory at ./boot.jl:516 [inlined]
Array at ./boot.jl:578 [inlined]
Array at ./boot.jl:591 [inlined]
Array at ./boot.jl:599 [inlined]
similar at ./abstractarray.jl:868 [inlined]
similar at ./abstractarray.jl:867 [inlined]
similar at ./broadcast.jl:224 [inlined]
similar at ./broadcast.jl:223 [inlined]
copy at ./broadcast.jl:892 [inlined]
materialize at ./broadcast.jl:867 [inlined]
drift! at /home/quw51vuk/Rydberg_facilitation/main.jl:51
SDEFunction at /home/quw51vuk/.julia/packages/SciMLBase/elLNZ/src/scimlfunctions.jl:2510 [inlined]
perform_step! at /home/quw51vuk/.julia/packages/StochasticDiffEq/OmgKe/src/perform_step/sri.jl:181
solve! at /home/quw51vuk/.julia/packages/StochasticDiffEq/OmgKe/src/solve.jl:694
#__solve#107 at /home/quw51vuk/.julia/packages/StochasticDiffEq/OmgKe/src/solve.jl:7
__solve at /home/quw51vuk/.julia/packages/StochasticDiffEq/OmgKe/src/solve.jl:1 [inlined]
__solve at /home/quw51vuk/.julia/packages/StochasticDiffEq/OmgKe/src/solve.jl:1 [inlined]
__solve at /home/quw51vuk/.julia/packages/StochasticDiffEq/OmgKe/src/solve.jl:1 [inlined]
__solve at /home/quw51vuk/.julia/packages/StochasticDiffEq/OmgKe/src/solve.jl:1 [inlined]
__solve at /home/quw51vuk/.julia/packages/StochasticDiffEq/OmgKe/src/solve.jl:1 [inlined]
#solve_call#35 at /home/quw51vuk/.julia/packages/DiffEqBase/DG18l/src/solve.jl:635
solve_call at /home/quw51vuk/.julia/packages/DiffEqBase/DG18l/src/solve.jl:592
unknown function (ip: 0x15090ab57d9a)
#solve_up#44 at /home/quw51vuk/.julia/packages/DiffEqBase/DG18l/src/solve.jl:1142
solve_up at /home/quw51vuk/.julia/packages/DiffEqBase/DG18l/src/solve.jl:1120 [inlined]
#solve#42 at /home/quw51vuk/.julia/packages/DiffEqBase/DG18l/src/solve.jl:1057
solve at /home/quw51vuk/.julia/packages/DiffEqBase/DG18l/src/solve.jl:1047 [inlined]
#batch_func#681 at /home/quw51vuk/.julia/packages/SciMLBase/elLNZ/src/ensemble/basic_ensemble_solve.jl:193 [inlined]
batch_func at /home/quw51vuk/.julia/packages/SciMLBase/elLNZ/src/ensemble/basic_ensemble_solve.jl:180 [inlined]
#694 at /home/quw51vuk/.julia/packages/SciMLBase/elLNZ/src/ensemble/basic_ensemble_solve.jl:271 [inlined]
macro expansion at /home/quw51vuk/.julia/packages/SciMLBase/elLNZ/src/ensemble/basic_ensemble_solve.jl:281 [inlined]
#1370#threadsfor_fun#697 at ./threadingconstructs.jl:253
#1370#threadsfor_fun at ./threadingconstructs.jl:220 [inlined]
#1 at ./threadingconstructs.jl:154
unknown function (ip: 0x15090ab2d82f)
jl_apply at /cache/build/tester-amdci5-12/julialang/julia-release-1-dot-11/src/julia.h:2157 [inlined]
start_task at /cache/build/tester-amdci5-12/julialang/julia-release-1-dot-11/src/task.c:1202
Allocations: 2553166105978 (Pool: 2553166104776; Big: 1202); GC: 885552
/var/spool/slurmd/job15629743/slurm_script: line 16: 774565 Aborted                 (core dumped) ~/julia-1.11.2/bin/julia -t 16 main.jl ${id}
