Attempt 1 of 2 for TASK_ID=4 at Mon Mar 31 21:29:40 CEST 2025
Attempt 1 of 2 for TASK_ID=10 at Mon Mar 31 21:29:40 CEST 2025
Attempt 1 of 2 for TASK_ID=6 at Mon Mar 31 21:29:40 CEST 2025
Attempt 1 of 2 for TASK_ID=0 at Mon Mar 31 21:29:40 CEST 2025
Attempt 1 of 2 for TASK_ID=1 at Mon Mar 31 21:29:40 CEST 2025
Attempt 1 of 2 for TASK_ID=24 at Mon Mar 31 21:29:40 CEST 2025
Attempt 1 of 2 for TASK_ID=2 at Mon Mar 31 21:29:40 CEST 2025
Attempt 1 of 2 for TASK_ID=8 at Mon Mar 31 21:29:40 CEST 2025
Attempt 1 of 2 for TASK_ID=15 at Mon Mar 31 21:29:40 CEST 2025
Attempt 1 of 2 for TASK_ID=13 at Mon Mar 31 21:29:40 CEST 2025
Attempt 1 of 2 for TASK_ID=5 at Mon Mar 31 21:29:40 CEST 2025
Attempt 1 of 2 for TASK_ID=11 at Mon Mar 31 21:29:40 CEST 2025
Attempt 1 of 2 for TASK_ID=14 at Mon Mar 31 21:29:40 CEST 2025
Attempt 1 of 2 for TASK_ID=19 at Mon Mar 31 21:29:40 CEST 2025
Attempt 1 of 2 for TASK_ID=16 at Mon Mar 31 21:29:40 CEST 2025
Attempt 1 of 2 for TASK_ID=17 at Mon Mar 31 21:29:40 CEST 2025
Attempt 1 of 2 for TASK_ID=20 at Mon Mar 31 21:29:40 CEST 2025
Attempt 1 of 2 for TASK_ID=18 at Mon Mar 31 21:29:40 CEST 2025
Attempt 1 of 2 for TASK_ID=12 at Mon Mar 31 21:29:40 CEST 2025
Attempt 1 of 2 for TASK_ID=25 at Mon Mar 31 21:29:40 CEST 2025
Attempt 1 of 2 for TASK_ID=7 at Mon Mar 31 21:29:40 CEST 2025
Attempt 1 of 2 for TASK_ID=28 at Mon Mar 31 21:29:40 CEST 2025
Attempt 1 of 2 for TASK_ID=27 at Mon Mar 31 21:29:40 CEST 2025
Attempt 1 of 2 for TASK_ID=9 at Mon Mar 31 21:29:40 CEST 2025
Attempt 1 of 2 for TASK_ID=22 at Mon Mar 31 21:29:40 CEST 2025
Attempt 1 of 2 for TASK_ID=21 at Mon Mar 31 21:29:40 CEST 2025
Attempt 1 of 2 for TASK_ID=26 at Mon Mar 31 21:29:40 CEST 2025
Attempt 1 of 2 for TASK_ID=23 at Mon Mar 31 21:29:40 CEST 2025
Attempt 1 of 2 for TASK_ID=3 at Mon Mar 31 21:29:41 CEST 2025
Completed TASK_ID=21 successfully on attempt 1 at Wed Apr  2 02:43:08 CEST 2025
Attempt 1 of 2 for TASK_ID=30 at Wed Apr  2 02:43:41 CEST 2025
Completed TASK_ID=17 successfully on attempt 1 at Wed Apr  2 03:07:06 CEST 2025
Attempt 1 of 2 for TASK_ID=31 at Wed Apr  2 03:07:14 CEST 2025
Completed TASK_ID=2 successfully on attempt 1 at Wed Apr  2 03:14:15 CEST 2025
Attempt 1 of 2 for TASK_ID=32 at Wed Apr  2 03:14:41 CEST 2025
Completed TASK_ID=28 successfully on attempt 1 at Wed Apr  2 03:31:59 CEST 2025
Attempt 1 of 2 for TASK_ID=33 at Wed Apr  2 03:32:12 CEST 2025
Completed TASK_ID=26 successfully on attempt 1 at Wed Apr  2 03:35:18 CEST 2025
Completed TASK_ID=10 successfully on attempt 1 at Wed Apr  2 03:35:51 CEST 2025
Attempt 1 of 2 for TASK_ID=35 at Wed Apr  2 03:36:08 CEST 2025
Attempt 1 of 2 for TASK_ID=34 at Wed Apr  2 03:36:10 CEST 2025
Completed TASK_ID=19 successfully on attempt 1 at Wed Apr  2 03:38:08 CEST 2025
Attempt 1 of 2 for TASK_ID=36 at Wed Apr  2 03:38:48 CEST 2025
Completed TASK_ID=24 successfully on attempt 1 at Wed Apr  2 03:39:59 CEST 2025
Attempt 1 of 2 for TASK_ID=37 at Wed Apr  2 03:40:21 CEST 2025
Completed TASK_ID=0 successfully on attempt 1 at Wed Apr  2 03:43:38 CEST 2025
Attempt 1 of 2 for TASK_ID=38 at Wed Apr  2 03:43:49 CEST 2025
Completed TASK_ID=29 successfully on attempt 1 at Wed Apr  2 03:52:29 CEST 2025
Attempt 1 of 2 for TASK_ID=39 at Wed Apr  2 03:52:38 CEST 2025
Completed TASK_ID=14 successfully on attempt 1 at Wed Apr  2 03:54:43 CEST 2025
Attempt 1 of 2 for TASK_ID=40 at Wed Apr  2 03:55:18 CEST 2025
Completed TASK_ID=11 successfully on attempt 1 at Wed Apr  2 03:55:45 CEST 2025
Attempt 1 of 2 for TASK_ID=41 at Wed Apr  2 03:56:00 CEST 2025
Completed TASK_ID=27 successfully on attempt 1 at Wed Apr  2 03:57:34 CEST 2025
Attempt 1 of 2 for TASK_ID=42 at Wed Apr  2 03:57:51 CEST 2025
Completed TASK_ID=23 successfully on attempt 1 at Wed Apr  2 04:00:16 CEST 2025
Attempt 1 of 2 for TASK_ID=43 at Wed Apr  2 04:00:47 CEST 2025
Completed TASK_ID=8 successfully on attempt 1 at Wed Apr  2 04:10:39 CEST 2025
Attempt 1 of 2 for TASK_ID=44 at Wed Apr  2 04:11:24 CEST 2025
Completed TASK_ID=22 successfully on attempt 1 at Wed Apr  2 04:11:56 CEST 2025
Attempt 1 of 2 for TASK_ID=45 at Wed Apr  2 04:12:05 CEST 2025
Completed TASK_ID=4 successfully on attempt 1 at Wed Apr  2 04:19:41 CEST 2025
Attempt 1 of 2 for TASK_ID=46 at Wed Apr  2 04:19:49 CEST 2025
Completed TASK_ID=18 successfully on attempt 1 at Wed Apr  2 04:20:08 CEST 2025
Attempt 1 of 2 for TASK_ID=47 at Wed Apr  2 04:20:29 CEST 2025
Completed TASK_ID=6 successfully on attempt 1 at Wed Apr  2 04:26:15 CEST 2025
Attempt 1 of 2 for TASK_ID=48 at Wed Apr  2 04:26:25 CEST 2025
Attempt 2 of 2 for TASK_ID=33 at Wed Apr  2 04:28:53 CEST 2025
Completed TASK_ID=16 successfully on attempt 1 at Wed Apr  2 04:38:29 CEST 2025
Attempt 1 of 2 for TASK_ID=49 at Wed Apr  2 04:38:44 CEST 2025
Completed TASK_ID=25 successfully on attempt 1 at Wed Apr  2 04:45:11 CEST 2025
Attempt 1 of 2 for TASK_ID=50 at Wed Apr  2 04:45:44 CEST 2025
Completed TASK_ID=13 successfully on attempt 1 at Wed Apr  2 04:49:10 CEST 2025
Completed TASK_ID=9 successfully on attempt 1 at Wed Apr  2 04:49:18 CEST 2025
Attempt 1 of 2 for TASK_ID=51 at Wed Apr  2 04:49:30 CEST 2025
Attempt 1 of 2 for TASK_ID=52 at Wed Apr  2 04:49:30 CEST 2025
Completed TASK_ID=7 successfully on attempt 1 at Wed Apr  2 04:51:52 CEST 2025
Attempt 1 of 2 for TASK_ID=53 at Wed Apr  2 04:52:09 CEST 2025
Attempt 2 of 2 for TASK_ID=38 at Wed Apr  2 04:55:19 CEST 2025
Completed TASK_ID=3 successfully on attempt 1 at Wed Apr  2 04:57:54 CEST 2025
Attempt 1 of 2 for TASK_ID=54 at Wed Apr  2 04:58:19 CEST 2025
Completed TASK_ID=15 successfully on attempt 1 at Wed Apr  2 05:18:18 CEST 2025
Attempt 1 of 2 for TASK_ID=55 at Wed Apr  2 05:18:26 CEST 2025
Completed TASK_ID=1 successfully on attempt 1 at Wed Apr  2 05:18:40 CEST 2025
Attempt 1 of 2 for TASK_ID=56 at Wed Apr  2 05:19:09 CEST 2025
Attempt 2 of 2 for TASK_ID=54 at Wed Apr  2 08:20:03 CEST 2025
Attempt 1 of 2 for TASK_ID=57 at Wed Apr  2 13:36:33 CEST 2025
Attempt 1 of 2 for TASK_ID=58 at Wed Apr  2 13:36:33 CEST 2025
Attempt 1 of 2 for TASK_ID=59 at Wed Apr  2 13:36:33 CEST 2025
Attempt 2 of 2 for TASK_ID=46 at Wed Apr  2 15:56:32 CEST 2025
Attempt 2 of 2 for TASK_ID=48 at Wed Apr  2 23:01:55 CEST 2025
Completed TASK_ID=30 successfully on attempt 1 at Thu Apr  3 08:24:23 CEST 2025
Attempt 1 of 2 for TASK_ID=60 at Thu Apr  3 08:25:03 CEST 2025
Completed TASK_ID=31 successfully on attempt 1 at Thu Apr  3 09:17:48 CEST 2025
Attempt 1 of 2 for TASK_ID=61 at Thu Apr  3 09:17:59 CEST 2025
Completed TASK_ID=32 successfully on attempt 1 at Thu Apr  3 09:27:01 CEST 2025
Attempt 1 of 2 for TASK_ID=62 at Thu Apr  3 09:27:15 CEST 2025
Completed TASK_ID=40 successfully on attempt 1 at Thu Apr  3 09:49:39 CEST 2025
Attempt 1 of 2 for TASK_ID=63 at Thu Apr  3 09:50:20 CEST 2025
Completed TASK_ID=34 successfully on attempt 1 at Thu Apr  3 10:06:59 CEST 2025
Attempt 1 of 2 for TASK_ID=64 at Thu Apr  3 10:07:34 CEST 2025
Completed TASK_ID=43 successfully on attempt 1 at Thu Apr  3 10:12:04 CEST 2025
Attempt 1 of 2 for TASK_ID=65 at Thu Apr  3 10:12:22 CEST 2025
Completed TASK_ID=36 successfully on attempt 1 at Thu Apr  3 10:32:00 CEST 2025
Attempt 1 of 2 for TASK_ID=66 at Thu Apr  3 10:32:19 CEST 2025
Completed TASK_ID=37 successfully on attempt 1 at Thu Apr  3 10:34:56 CEST 2025
Attempt 1 of 2 for TASK_ID=67 at Thu Apr  3 10:35:23 CEST 2025
Completed TASK_ID=39 successfully on attempt 1 at Thu Apr  3 10:48:12 CEST 2025
Attempt 1 of 2 for TASK_ID=68 at Thu Apr  3 10:48:49 CEST 2025
Completed TASK_ID=33 successfully on attempt 2 at Thu Apr  3 10:49:13 CEST 2025
Attempt 1 of 2 for TASK_ID=69 at Thu Apr  3 10:49:25 CEST 2025
Completed TASK_ID=45 successfully on attempt 1 at Thu Apr  3 10:54:54 CEST 2025
Attempt 1 of 2 for TASK_ID=70 at Thu Apr  3 10:55:00 CEST 2025
Completed TASK_ID=35 successfully on attempt 1 at Thu Apr  3 10:59:04 CEST 2025
Completed TASK_ID=41 successfully on attempt 1 at Thu Apr  3 11:04:56 CEST 2025
Completed TASK_ID=47 successfully on attempt 1 at Thu Apr  3 11:25:10 CEST 2025
Completed TASK_ID=55 successfully on attempt 1 at Thu Apr  3 11:29:04 CEST 2025
Completed TASK_ID=42 successfully on attempt 1 at Thu Apr  3 11:31:22 CEST 2025
Completed TASK_ID=51 successfully on attempt 1 at Thu Apr  3 11:34:06 CEST 2025
Completed TASK_ID=50 successfully on attempt 1 at Thu Apr  3 12:36:18 CEST 2025
Completed TASK_ID=49 successfully on attempt 1 at Thu Apr  3 12:36:28 CEST 2025
Completed TASK_ID=52 successfully on attempt 1 at Thu Apr  3 12:36:39 CEST 2025
Completed TASK_ID=53 successfully on attempt 1 at Thu Apr  3 12:36:53 CEST 2025
Completed TASK_ID=38 successfully on attempt 2 at Thu Apr  3 13:25:45 CEST 2025
Completed TASK_ID=58 successfully on attempt 1 at Thu Apr  3 20:25:29 CEST 2025
Completed TASK_ID=59 successfully on attempt 1 at Thu Apr  3 20:36:35 CEST 2025
Completed TASK_ID=57 successfully on attempt 1 at Thu Apr  3 21:13:39 CEST 2025
Attempt 2 of 2 for TASK_ID=63 at Thu Apr  3 22:09:34 CEST 2025
Completed TASK_ID=60 successfully on attempt 1 at Fri Apr  4 15:08:33 CEST 2025
Completed TASK_ID=61 successfully on attempt 1 at Fri Apr  4 16:26:51 CEST 2025
Completed TASK_ID=66 successfully on attempt 1 at Fri Apr  4 16:49:01 CEST 2025
Completed TASK_ID=64 successfully on attempt 1 at Fri Apr  4 16:57:16 CEST 2025
Completed TASK_ID=70 successfully on attempt 1 at Fri Apr  4 16:59:14 CEST 2025
Completed TASK_ID=69 successfully on attempt 1 at Fri Apr  4 17:20:56 CEST 2025
Completed TASK_ID=68 successfully on attempt 1 at Fri Apr  4 17:34:51 CEST 2025
Completed TASK_ID=67 successfully on attempt 1 at Fri Apr  4 17:41:22 CEST 2025
Completed TASK_ID=65 successfully on attempt 1 at Fri Apr  4 18:02:31 CEST 2025
