Directory exists: /home/quw51vuk/Rydberg_facilitation/results_data/atoms=400,Δ=2000,γ=0.001
Computing for nAtoms = 400, γ = 0.001, Ω = 21.1
Starting TWA computation for γ = 0.001...
Converted sol to array with dimensions: (800, 400, 200)
TWA computation finished for γ = 0.001.
sol_array dimensions: (800, 400, 200)
Solution saved temporarily: /home/quw51vuk/Rydberg_facilitation/results_data/atoms=400,Δ=2000,γ=0.001/temp_sol_2D,Ω=21.1,Δ=2000,γ=0.001.jld2
Executing command: `/home/quw51vuk/julia-1.11.2/bin/julia /home/quw51vuk/Rydberg_facilitation/compute_sz.jl /home/quw51vuk/Rydberg_facilitation/results_data/atoms=400,Δ=2000,γ=0.001/temp_sol_2D,Ω=21.1,Δ=2000,γ=0.001.jld2 400 200`
Loaded sol type: Array{Float64, 3}
Loaded sol dimensions: (800, 400, 200)
Using nTraj = 200 from sol dimensions (ignoring ARGS[3])
Computing normalized Sz from /home/quw51vuk/Rydberg_facilitation/results_data/atoms=400,Δ=2000,γ=0.001/temp_sol_2D,Ω=21.1,Δ=2000,γ=0.001.jld2...
Normalized Sz saved successfully to /home/quw51vuk/Rydberg_facilitation/results_data/atoms=400,Δ=2000,γ=0.001/sz_mean_steady_for_2D,Ω=21.1,Δ=2000,γ=0.001.jld2
Temporary sol file deleted: /home/quw51vuk/Rydberg_facilitation/results_data/atoms=400,Δ=2000,γ=0.001/temp_sol_2D,Ω=21.1,Δ=2000,γ=0.001.jld2
Sz computation and cleanup complete.
Sz computation completed for γ = 0.001.
Cleaning up for γ = 0.001...
Directory exists: /home/quw51vuk/Rydberg_facilitation/results_data/atoms=400,Δ=2000,γ=0.1
Computing for nAtoms = 400, γ = 0.1, Ω = 21.1
Starting TWA computation for γ = 0.1...
Converted sol to array with dimensions: (800, 400, 200)
TWA computation finished for γ = 0.1.
sol_array dimensions: (800, 400, 200)
Solution saved temporarily: /home/quw51vuk/Rydberg_facilitation/results_data/atoms=400,Δ=2000,γ=0.1/temp_sol_2D,Ω=21.1,Δ=2000,γ=0.1.jld2
Executing command: `/home/quw51vuk/julia-1.11.2/bin/julia /home/quw51vuk/Rydberg_facilitation/compute_sz.jl /home/quw51vuk/Rydberg_facilitation/results_data/atoms=400,Δ=2000,γ=0.1/temp_sol_2D,Ω=21.1,Δ=2000,γ=0.1.jld2 400 200`
Loaded sol type: Array{Float64, 3}
Loaded sol dimensions: (800, 400, 200)
Using nTraj = 200 from sol dimensions (ignoring ARGS[3])
Computing normalized Sz from /home/quw51vuk/Rydberg_facilitation/results_data/atoms=400,Δ=2000,γ=0.1/temp_sol_2D,Ω=21.1,Δ=2000,γ=0.1.jld2...
Normalized Sz saved successfully to /home/quw51vuk/Rydberg_facilitation/results_data/atoms=400,Δ=2000,γ=0.1/sz_mean_steady_for_2D,Ω=21.1,Δ=2000,γ=0.1.jld2
Temporary sol file deleted: /home/quw51vuk/Rydberg_facilitation/results_data/atoms=400,Δ=2000,γ=0.1/temp_sol_2D,Ω=21.1,Δ=2000,γ=0.1.jld2
Sz computation and cleanup complete.
Sz computation completed for γ = 0.1.
Cleaning up for γ = 0.1...
Directory exists: /home/quw51vuk/Rydberg_facilitation/results_data/atoms=400,Δ=2000,γ=10.0
Computing for nAtoms = 400, γ = 10.0, Ω = 21.1
Starting TWA computation for γ = 10.0...
Converted sol to array with dimensions: (800, 400, 200)
TWA computation finished for γ = 10.0.
sol_array dimensions: (800, 400, 200)
Solution saved temporarily: /home/quw51vuk/Rydberg_facilitation/results_data/atoms=400,Δ=2000,γ=10.0/temp_sol_2D,Ω=21.1,Δ=2000,γ=10.0.jld2
Executing command: `/home/quw51vuk/julia-1.11.2/bin/julia /home/quw51vuk/Rydberg_facilitation/compute_sz.jl /home/quw51vuk/Rydberg_facilitation/results_data/atoms=400,Δ=2000,γ=10.0/temp_sol_2D,Ω=21.1,Δ=2000,γ=10.0.jld2 400 200`
Loaded sol type: Array{Float64, 3}
Loaded sol dimensions: (800, 400, 200)
Using nTraj = 200 from sol dimensions (ignoring ARGS[3])
Computing normalized Sz from /home/quw51vuk/Rydberg_facilitation/results_data/atoms=400,Δ=2000,γ=10.0/temp_sol_2D,Ω=21.1,Δ=2000,γ=10.0.jld2...
Normalized Sz saved successfully to /home/quw51vuk/Rydberg_facilitation/results_data/atoms=400,Δ=2000,γ=10.0/sz_mean_steady_for_2D,Ω=21.1,Δ=2000,γ=10.0.jld2
Temporary sol file deleted: /home/quw51vuk/Rydberg_facilitation/results_data/atoms=400,Δ=2000,γ=10.0/temp_sol_2D,Ω=21.1,Δ=2000,γ=10.0.jld2
Sz computation and cleanup complete.
Sz computation completed for γ = 10.0.
Cleaning up for γ = 10.0...
Directory exists: /home/quw51vuk/Rydberg_facilitation/results_data/atoms=400,Δ=2000,γ=100.0
Computing for nAtoms = 400, γ = 100.0, Ω = 21.1
Starting TWA computation for γ = 100.0...
Converted sol to array with dimensions: (800, 400, 200)
TWA computation finished for γ = 100.0.
sol_array dimensions: (800, 400, 200)
Solution saved temporarily: /home/quw51vuk/Rydberg_facilitation/results_data/atoms=400,Δ=2000,γ=100.0/temp_sol_2D,Ω=21.1,Δ=2000,γ=100.0.jld2
Executing command: `/home/quw51vuk/julia-1.11.2/bin/julia /home/quw51vuk/Rydberg_facilitation/compute_sz.jl /home/quw51vuk/Rydberg_facilitation/results_data/atoms=400,Δ=2000,γ=100.0/temp_sol_2D,Ω=21.1,Δ=2000,γ=100.0.jld2 400 200`
Loaded sol type: Array{Float64, 3}
Loaded sol dimensions: (800, 400, 200)
Using nTraj = 200 from sol dimensions (ignoring ARGS[3])
Computing normalized Sz from /home/quw51vuk/Rydberg_facilitation/results_data/atoms=400,Δ=2000,γ=100.0/temp_sol_2D,Ω=21.1,Δ=2000,γ=100.0.jld2...
Normalized Sz saved successfully to /home/quw51vuk/Rydberg_facilitation/results_data/atoms=400,Δ=2000,γ=100.0/sz_mean_steady_for_2D,Ω=21.1,Δ=2000,γ=100.0.jld2
Temporary sol file deleted: /home/quw51vuk/Rydberg_facilitation/results_data/atoms=400,Δ=2000,γ=100.0/temp_sol_2D,Ω=21.1,Δ=2000,γ=100.0.jld2
Sz computation and cleanup complete.
Sz computation completed for γ = 100.0.
Cleaning up for γ = 100.0...
All γ values processed for Ω = 21.1.
