Loaded completed γ values for Ω = 16.9: Float64[]
Incomplete γ values to process for Ω = 16.9: [0.001, 0.1, 10.0, 100.0]
Computing for nAtoms = 400, γ = 0.001, Ω = 16.9
Directory exists: /home/quw51vuk/Rydberg_facilitation/results_data/atoms=400,Δ=2000,γ=0.001
Attempt 1 of 2 for γ = 0.001, Ω = 16.9...
Starting TWA computation for γ = 0.001...
TWA computation finished for γ = 0.001.
Solution saved temporarily: /home/quw51vuk/Rydberg_facilitation/results_data/atoms=400,Δ=2000,γ=0.001/temp_sol_2D,Ω=16.9,Δ=2000,γ=0.001.jld2
Executing command: `/home/quw51vuk/julia-1.11.2/bin/julia /home/quw51vuk/Rydberg_facilitation/compute_sz.jl /home/quw51vuk/Rydberg_facilitation/results_data/atoms=400,Δ=2000,γ=0.001/temp_sol_2D,Ω=16.9,Δ=2000,γ=0.001.jld2 400 20`
Computing normalized Sz from /home/quw51vuk/Rydberg_facilitation/results_data/atoms=400,Δ=2000,γ=0.001/temp_sol_2D,Ω=16.9,Δ=2000,γ=0.001.jld2...
Normalized Sz saved successfully to /home/quw51vuk/Rydberg_facilitation/results_data/atoms=400,Δ=2000,γ=0.001/sz_mean_steady_for_2D,Ω=16.9,Δ=2000,γ=0.001.jld2
Temporary sol file deleted: /home/quw51vuk/Rydberg_facilitation/results_data/atoms=400,Δ=2000,γ=0.001/temp_sol_2D,Ω=16.9,Δ=2000,γ=0.001.jld2
Sz computation and cleanup complete.
Sz computation completed for γ = 0.001.
Checkpoint updated: γ = 0.001 completed for Ω = 16.9
Cleaning up for γ = 0.001...
Cleanup complete for γ = 0.001.
Computing for nAtoms = 400, γ = 0.1, Ω = 16.9
Directory exists: /home/quw51vuk/Rydberg_facilitation/results_data/atoms=400,Δ=2000,γ=0.1
Attempt 1 of 2 for γ = 0.1, Ω = 16.9...
Starting TWA computation for γ = 0.1...
TWA computation finished for γ = 0.1.
Solution saved temporarily: /home/quw51vuk/Rydberg_facilitation/results_data/atoms=400,Δ=2000,γ=0.1/temp_sol_2D,Ω=16.9,Δ=2000,γ=0.1.jld2
Executing command: `/home/quw51vuk/julia-1.11.2/bin/julia /home/quw51vuk/Rydberg_facilitation/compute_sz.jl /home/quw51vuk/Rydberg_facilitation/results_data/atoms=400,Δ=2000,γ=0.1/temp_sol_2D,Ω=16.9,Δ=2000,γ=0.1.jld2 400 20`
Computing normalized Sz from /home/quw51vuk/Rydberg_facilitation/results_data/atoms=400,Δ=2000,γ=0.1/temp_sol_2D,Ω=16.9,Δ=2000,γ=0.1.jld2...
Normalized Sz saved successfully to /home/quw51vuk/Rydberg_facilitation/results_data/atoms=400,Δ=2000,γ=0.1/sz_mean_steady_for_2D,Ω=16.9,Δ=2000,γ=0.1.jld2
Temporary sol file deleted: /home/quw51vuk/Rydberg_facilitation/results_data/atoms=400,Δ=2000,γ=0.1/temp_sol_2D,Ω=16.9,Δ=2000,γ=0.1.jld2
Sz computation and cleanup complete.
Sz computation completed for γ = 0.1.
Checkpoint updated: γ = 0.1 completed for Ω = 16.9
Cleaning up for γ = 0.1...
Cleanup complete for γ = 0.1.
Computing for nAtoms = 400, γ = 10.0, Ω = 16.9
Directory exists: /home/quw51vuk/Rydberg_facilitation/results_data/atoms=400,Δ=2000,γ=10.0
Attempt 1 of 2 for γ = 10.0, Ω = 16.9...
Starting TWA computation for γ = 10.0...
TWA computation finished for γ = 10.0.
Solution saved temporarily: /home/quw51vuk/Rydberg_facilitation/results_data/atoms=400,Δ=2000,γ=10.0/temp_sol_2D,Ω=16.9,Δ=2000,γ=10.0.jld2
Executing command: `/home/quw51vuk/julia-1.11.2/bin/julia /home/quw51vuk/Rydberg_facilitation/compute_sz.jl /home/quw51vuk/Rydberg_facilitation/results_data/atoms=400,Δ=2000,γ=10.0/temp_sol_2D,Ω=16.9,Δ=2000,γ=10.0.jld2 400 20`
Computing normalized Sz from /home/quw51vuk/Rydberg_facilitation/results_data/atoms=400,Δ=2000,γ=10.0/temp_sol_2D,Ω=16.9,Δ=2000,γ=10.0.jld2...
Normalized Sz saved successfully to /home/quw51vuk/Rydberg_facilitation/results_data/atoms=400,Δ=2000,γ=10.0/sz_mean_steady_for_2D,Ω=16.9,Δ=2000,γ=10.0.jld2
Temporary sol file deleted: /home/quw51vuk/Rydberg_facilitation/results_data/atoms=400,Δ=2000,γ=10.0/temp_sol_2D,Ω=16.9,Δ=2000,γ=10.0.jld2
Sz computation and cleanup complete.
Sz computation completed for γ = 10.0.
Checkpoint updated: γ = 10.0 completed for Ω = 16.9
Cleaning up for γ = 10.0...
Cleanup complete for γ = 10.0.
Computing for nAtoms = 400, γ = 100.0, Ω = 16.9
Directory exists: /home/quw51vuk/Rydberg_facilitation/results_data/atoms=400,Δ=2000,γ=100.0
Attempt 1 of 2 for γ = 100.0, Ω = 16.9...
Starting TWA computation for γ = 100.0...
TWA computation finished for γ = 100.0.
Solution saved temporarily: /home/quw51vuk/Rydberg_facilitation/results_data/atoms=400,Δ=2000,γ=100.0/temp_sol_2D,Ω=16.9,Δ=2000,γ=100.0.jld2
Executing command: `/home/quw51vuk/julia-1.11.2/bin/julia /home/quw51vuk/Rydberg_facilitation/compute_sz.jl /home/quw51vuk/Rydberg_facilitation/results_data/atoms=400,Δ=2000,γ=100.0/temp_sol_2D,Ω=16.9,Δ=2000,γ=100.0.jld2 400 20`
Computing normalized Sz from /home/quw51vuk/Rydberg_facilitation/results_data/atoms=400,Δ=2000,γ=100.0/temp_sol_2D,Ω=16.9,Δ=2000,γ=100.0.jld2...
Normalized Sz saved successfully to /home/quw51vuk/Rydberg_facilitation/results_data/atoms=400,Δ=2000,γ=100.0/sz_mean_steady_for_2D,Ω=16.9,Δ=2000,γ=100.0.jld2
Temporary sol file deleted: /home/quw51vuk/Rydberg_facilitation/results_data/atoms=400,Δ=2000,γ=100.0/temp_sol_2D,Ω=16.9,Δ=2000,γ=100.0.jld2
Sz computation and cleanup complete.
Sz computation completed for γ = 100.0.
Checkpoint updated: γ = 100.0 completed for Ω = 16.9
Cleaning up for γ = 100.0...
Cleanup complete for γ = 100.0.
All incomplete γ values processed for Ω = 16.9.
